<?xml version="1.0" encoding="UTF-8"?>
<testng-results ignored="0" total="1" passed="1" failed="0" skipped="0">
  <reporter-output>
  </reporter-output>
  <suite started-at="2024-01-30T16:36:52 ICT" name="Default suite" finished-at="2024-01-30T16:37:25 ICT" duration-ms="33310">
    <groups>
    </groups>
    <test started-at="2024-01-30T16:36:52 ICT" name="Default test" finished-at="2024-01-30T16:37:25 ICT" duration-ms="33310">
      <class name="FirstTest.FirstTestCase">
        <test-method is-config="true" signature="beforeTest()[pri:0, instance:FirstTest.FirstTestCase@2794eab6]" started-at="2024-01-30T16:36:52 ICT" name="beforeTest" finished-at="2024-01-30T16:36:52 ICT" duration-ms="9" status="PASS">
          <reporter-output>
          </reporter-output>
        </test-method> <!-- beforeTest -->
        <test-method signature="test()[pri:0, instance:FirstTest.FirstTestCase@2794eab6]" started-at="2024-01-30T16:36:52 ICT" name="test" finished-at="2024-01-30T16:37:25 ICT" duration-ms="33162" status="PASS">
          <reporter-output>
          </reporter-output>
        </test-method> <!-- test -->
        <test-method is-config="true" signature="afterTest()[pri:0, instance:FirstTest.FirstTestCase@2794eab6]" started-at="2024-01-30T16:37:25 ICT" name="afterTest" finished-at="2024-01-30T16:37:25 ICT" duration-ms="109" status="PASS">
          <reporter-output>
          </reporter-output>
        </test-method> <!-- afterTest -->
      </class> <!-- FirstTest.FirstTestCase -->
    </test> <!-- Default test -->
  </suite> <!-- Default suite -->
</testng-results>
